<?xml version="1.0" encoding="UTF-8"?>
<!-- Generated by org.testng.reporters.JUnitXMLReporter -->
<testsuite ignored="0" hostname="BRILAP2989" failures="1" tests="3" name="Test" time="167.79" errors="0" timestamp="2022-11-03T08:17:14 IST">
  <testcase classname="script.ValidLogin_Test" name="testValidLogin" time="13.122">
    <failure type="java.lang.AssertionError" message="expected [actiTIME - Enter Time-Track] but found [actiTIME - Login]">
      <![CDATA[java.lang.AssertionError: expected [actiTIME - Enter Time-Track] but found [actiTIME - Login]
at page.EnterPage.verifyHomePageDisplayed(EnterPage.java:49)
at script.ValidLogin_Test.testValidLogin(ValidLogin_Test.java:28)
at java.base/java.util.ArrayList.forEach(ArrayList.java:1511)
... Removed 33 stack frames]]>
    </failure>
  </testcase> <!-- testValidLogin -->
  <testcase classname="script.VerifyProductVersion_Test" name="testProductVerson" time="14.423"/>
  <testcase classname="script.InvalidLogin_Test" name="testInvalidLogin" time="36.329"/>
</testsuite> <!-- Test -->
